04/09/2017 08:18:07	This log contains information about the import schema operation into project 'Pharmacy.database' on computer 'A00003' by user 'n.pimley'.
04/09/2017 08:18:07	Import of database schema has started.
04/09/2017 08:18:17	Gathering database options
04/09/2017 08:18:17	Gathering users
04/09/2017 08:18:17	Gathering roles
04/09/2017 08:18:17	Gathering application roles
04/09/2017 08:18:17	Gathering role memberships
04/09/2017 08:18:17	Gathering filegroups
04/09/2017 08:18:17	Gathering full-text catalogs
04/09/2017 08:18:17	Gathering assemblies
04/09/2017 08:18:17	Gathering certificates
04/09/2017 08:18:17	Gathering asymmetric keys
04/09/2017 08:18:17	Gathering symmetric keys
04/09/2017 08:18:17	Gathering encrypted symmetric keys
04/09/2017 08:18:17	Gathering schemas
04/09/2017 08:18:17	Gathering XML schema collections
04/09/2017 08:18:17	Gathering user-defined data types
04/09/2017 08:18:17	Gathering user-defined types
04/09/2017 08:18:17	Gathering table types
04/09/2017 08:18:17	Gathering unique keys for table types
04/09/2017 08:18:17	Gathering primary keys for table types
04/09/2017 08:18:17	Gathering indexes for table types
04/09/2017 08:18:17	Gathering check constraints for table types
04/09/2017 08:18:17	Gathering default constraints for table types
04/09/2017 08:18:17	Gathering partition functions
04/09/2017 08:18:17	Gathering partition schemes
04/09/2017 08:18:17	Gathering functions
04/09/2017 08:18:17	Gathering encrypted functions
04/09/2017 08:18:17	Gathering aggregates
04/09/2017 08:18:17	Gathering procedures
04/09/2017 08:18:17	Gathering encrypted procedures
04/09/2017 08:18:17	Gathering tables
04/09/2017 08:18:18	Gathering primary keys
04/09/2017 08:18:18	Gathering unique constraints
04/09/2017 08:18:18	Gathering foreign keys
04/09/2017 08:18:18	Gathering default constraints
04/09/2017 08:18:18	Gathering check constraints
04/09/2017 08:18:18	Gathering views
04/09/2017 08:18:18	Gathering encrypted views
04/09/2017 08:18:18	Gathering indexes
04/09/2017 08:18:18	Gathering statistics
04/09/2017 08:18:18	Gathering full-text index stoplists
04/09/2017 08:18:18	Gathering search property lists
04/09/2017 08:18:18	Gathering search properties
04/09/2017 08:18:18	Gathering full-text indexes
04/09/2017 08:18:18	Gathering column store indexes
04/09/2017 08:18:18	Gathering spatial indexes
04/09/2017 08:18:18	Gathering XML indexes
04/09/2017 08:18:18	Gathering Selective XML indexes
04/09/2017 08:18:18	Gathering encrypted triggers
04/09/2017 08:18:18	Gathering triggers
04/09/2017 08:18:18	Gathering encrypted and clr ddl triggers
04/09/2017 08:18:18	Gathering ddl triggers
04/09/2017 08:18:18	Gathering synonyms
04/09/2017 08:18:18	Gathering defaults
04/09/2017 08:18:18	Gathering data constraint uddt bindings
04/09/2017 08:18:18	Gathering rules
04/09/2017 08:18:18	Gathering data constraint uddt bindings
04/09/2017 08:18:18	Gathering message types
04/09/2017 08:18:18	Gathering queues
04/09/2017 08:18:18	Gathering contracts
04/09/2017 08:18:18	Gathering services
04/09/2017 08:18:18	Gathering event notifications
04/09/2017 08:18:18	Gathering remote service bindings
04/09/2017 08:18:18	Gathering broker priorities
04/09/2017 08:18:18	Gathering signatures
04/09/2017 08:18:18	Gathering data compression options
04/09/2017 08:18:18	Gathering sequence types
04/09/2017 08:18:18	Gathering extended properties
04/09/2017 08:18:18	Gathering credentials
04/09/2017 08:18:18	Gathering logins
04/09/2017 08:18:18	Gathering server audits
04/09/2017 08:18:19	Scanning project for duplicate elements
04/09/2017 08:18:19	Finished duplicate element processing
04/09/2017 08:18:22	Finished importing database.
04/09/2017 08:18:22	A summary of the import was saved to the following location: C:\Users\n.pimley\source\repos\McKenziesPharmacy\Pharmacy.database\Import Schema Logs\Pharmacy.database_20170904071807.log
04/09/2017 08:18:22	Click Finish to continue...
